  main.cpp
c:\users\wonwoo\source\repos\transformation\main.cpp(12): warning C4244: '인수': 'int'에서 '_Tp'(으)로 변환하면서 데이터가 손실될 수 있습니다.
          with
          [
              _Tp=float
          ]
c:\users\wonwoo\source\repos\transformation\main.cpp(13): warning C4244: '인수': 'int'에서 '_Tp'(으)로 변환하면서 데이터가 손실될 수 있습니다.
          with
          [
              _Tp=float
          ]
c:\users\wonwoo\source\repos\transformation\main.cpp(15): warning C4244: '인수': 'int'에서 '_Tp'(으)로 변환하면서 데이터가 손실될 수 있습니다.
          with
          [
              _Tp=float
          ]
c:\users\wonwoo\source\repos\transformation\main.cpp(16): warning C4244: '인수': 'int'에서 '_Tp'(으)로 변환하면서 데이터가 손실될 수 있습니다.
          with
          [
              _Tp=float
          ]
c:\users\wonwoo\source\repos\transformation\main.cpp(110): warning C4244: '인수': 'int'에서 '_Tp'(으)로 변환하면서 데이터가 손실될 수 있습니다.
          with
          [
              _Tp=float
          ]
c:\users\wonwoo\source\repos\transformation\main.cpp(119): warning C4244: '인수': 'int'에서 '_Tp'(으)로 변환하면서 데이터가 손실될 수 있습니다.
          with
          [
              _Tp=float
          ]
c:\users\wonwoo\source\repos\transformation\main.cpp(120): warning C4244: '인수': 'int'에서 '_Tp'(으)로 변환하면서 데이터가 손실될 수 있습니다.
          with
          [
              _Tp=float
          ]
c:\users\wonwoo\source\repos\transformation\main.cpp(121): warning C4244: '인수': 'int'에서 '_Tp'(으)로 변환하면서 데이터가 손실될 수 있습니다.
          with
          [
              _Tp=float
          ]
  코드를 생성하고 있습니다.
  37 of 274 functions (13.5%) were compiled, the rest were copied from previous compilation.
    0 functions were new in current compilation
    1 functions had inline decision re-evaluated but remain unchanged
  코드를 생성했습니다.
  Transformation.vcxproj -> C:\Users\wonwoo\source\repos\Transformation\x64\Release\Transformation.exe
